1	16:01:16	File closed	
1	16:01:17	Input device issue	Noraxon input device error: Failed to start device. Error in 'Activate'. Noraxon Desk Receiver Cannot open USB driver. Device can be unplugged or turned off.  
1	16:01:17	Realtime started	
1	16:01:38	Input device issue	Noraxon input device error: Failed to start device. Error in 'Activate'. Noraxon Desk Receiver Cannot open USB driver. Device can be unplugged or turned off.  
1	16:05:55	Recalibration recommended	Camera 5 has residuals (4.4) exceeding the warning level.
1	16:05:55	Rigid body identification results	Rigid body identification results:  0 successful  2 failed
1	16:05:56	File created	
1	16:05:56	File saved as C:\Users\QTM\Documents\MuscleMonitorv0.1\Data\singleMuscle0031.qtm	
1	16:12:34	File closed	
1	16:12:37	Realtime started	
1	16:13:09	Recalibration recommended	Camera 5 has residuals (4.2) exceeding the warning level.
1	16:13:09	Rigid body identification results	Rigid body identification results:  0 successful  2 failed
1	16:13:09	File created	
1	16:13:09	File saved as C:\Users\QTM\Documents\MuscleMonitorv0.1\Data\singleMuscle0032.qtm	
1	16:14:20	File closed	
1	16:14:23	Realtime started	
1	16:16:36	Recalibration recommended	Camera 5 has residuals (4.3) exceeding the warning level.
1	16:16:36	Rigid body identification results	Rigid body identification results:  0 successful  2 failed
1	16:16:36	File created	
1	16:16:36	File saved as C:\Users\QTM\Documents\MuscleMonitorv0.1\Data\singleMuscle0033.qtm	
1	16:19:39	File closed	
1	16:19:43	Realtime started	
1	16:23:08	Recalibration recommended	Camera 5 has residuals (4.3) exceeding the warning level.
1	16:23:08	Rigid body identification results	Rigid body identification results:  0 successful  2 failed
1	16:23:08	File created	
1	16:23:08	File saved as C:\Users\QTM\Documents\MuscleMonitorv0.1\Data\singleMuscle0034.qtm	
